<?xml version="1.0" encoding="UTF-8"?>
<robot generator="Robot 7.2 (Python 3.13.1 on win32)" generated="2025-01-22T21:13:16.645962" rpa="false" schemaversion="5">
<suite id="s1" name="Teste" source="C:\Users\PICHAU\Documents\Projetos\robot\teste.robot">
<test id="s1-t1" name="Cenário 1: Acessando o site da QAZANDO" line="40">
<kw name="Acessar Site da qazando">
<kw name="Open Browser" owner="SeleniumLibrary">
<msg time="2025-01-22T21:13:16.794173" level="INFO">Opening browser 'chrome' to base url 'https://automationpratice.com.br/'.</msg>
<arg>${SITE_URL}</arg>
<arg>chrome</arg>
<doc>Opens a new browser instance to the optional ``url``.</doc>
<status status="PASS" start="2025-01-22T21:13:16.794003" elapsed="1.351452"/>
</kw>
<status status="PASS" start="2025-01-22T21:13:16.793504" elapsed="1.352124"/>
</kw>
<kw name="Aguardar site carregar">
<kw name="Sleep" owner="BuiltIn">
<msg time="2025-01-22T21:13:23.146471" level="INFO">Slept 5 seconds.</msg>
<arg>5s</arg>
<doc>Pauses the test executed for the given time.</doc>
<status status="PASS" start="2025-01-22T21:13:18.146249" elapsed="5.000356"/>
</kw>
<status status="PASS" start="2025-01-22T21:13:18.145969" elapsed="5.000747"/>
</kw>
<kw name="Clicar sobre o botao login">
<kw name="Click Element" owner="SeleniumLibrary">
<msg time="2025-01-22T21:13:23.147822" level="INFO">Clicking element 'xpath://a[@href='/login']'.</msg>
<arg>xpath://a[@href='/login']</arg>
<doc>Click the element identified by ``locator``.</doc>
<status status="PASS" start="2025-01-22T21:13:23.147283" elapsed="0.053199"/>
</kw>
<status status="PASS" start="2025-01-22T21:13:23.147022" elapsed="0.053579"/>
</kw>
<kw name="Aguardar site carregar">
<kw name="Sleep" owner="BuiltIn">
<msg time="2025-01-22T21:13:28.201895" level="INFO">Slept 5 seconds.</msg>
<arg>5s</arg>
<doc>Pauses the test executed for the given time.</doc>
<status status="PASS" start="2025-01-22T21:13:23.201144" elapsed="5.000855"/>
</kw>
<status status="PASS" start="2025-01-22T21:13:23.200928" elapsed="5.001160"/>
</kw>
<kw name="Digitar email">
<kw name="Input Text" owner="SeleniumLibrary">
<msg time="2025-01-22T21:13:28.202700" level="INFO">Typing text 'qazando@teste.com' into text field 'id:user'.</msg>
<arg>id:user</arg>
<arg>${USUARIO_EMAIL}</arg>
<doc>Types the given ``text`` into the text field identified by ``locator``.</doc>
<status status="PASS" start="2025-01-22T21:13:28.202538" elapsed="0.076908"/>
</kw>
<status status="PASS" start="2025-01-22T21:13:28.202333" elapsed="0.077217"/>
</kw>
<kw name="Digitar senha">
<kw name="Input Text" owner="SeleniumLibrary">
<msg time="2025-01-22T21:13:28.280236" level="INFO">Typing text '123456' into text field 'id:password'.</msg>
<arg>id:password</arg>
<arg>${USUARIO_SENHA}</arg>
<doc>Types the given ``text`` into the text field identified by ``locator``.</doc>
<status status="PASS" start="2025-01-22T21:13:28.280059" elapsed="0.045407"/>
</kw>
<status status="PASS" start="2025-01-22T21:13:28.279820" elapsed="0.045774"/>
</kw>
<kw name="Aguardar site carregar">
<kw name="Sleep" owner="BuiltIn">
<msg time="2025-01-22T21:13:33.326385" level="INFO">Slept 5 seconds.</msg>
<arg>5s</arg>
<doc>Pauses the test executed for the given time.</doc>
<status status="PASS" start="2025-01-22T21:13:28.326164" elapsed="5.000327"/>
</kw>
<status status="PASS" start="2025-01-22T21:13:28.325910" elapsed="5.000671"/>
</kw>
<kw name="Clicar em logar">
<kw name="Click Element" owner="SeleniumLibrary">
<msg time="2025-01-22T21:13:33.327181" level="INFO">Clicking element 'id:btnLogin'.</msg>
<arg>id:btnLogin</arg>
<doc>Click the element identified by ``locator``.</doc>
<status status="PASS" start="2025-01-22T21:13:33.327051" elapsed="0.048163"/>
</kw>
<status status="PASS" start="2025-01-22T21:13:33.326837" elapsed="0.048516"/>
</kw>
<kw name="Aguardar site carregar">
<kw name="Sleep" owner="BuiltIn">
<msg time="2025-01-22T21:13:38.376690" level="INFO">Slept 5 seconds.</msg>
<arg>5s</arg>
<doc>Pauses the test executed for the given time.</doc>
<status status="PASS" start="2025-01-22T21:13:33.375918" elapsed="5.000878"/>
</kw>
<status status="PASS" start="2025-01-22T21:13:33.375677" elapsed="5.001207"/>
</kw>
<tag>Teste1</tag>
<status status="PASS" start="2025-01-22T21:13:16.792943" elapsed="21.584322"/>
</test>
<status status="PASS" start="2025-01-22T21:13:16.647077" elapsed="21.730787"/>
</suite>
<statistics>
<total>
<stat pass="1" fail="0" skip="0">All Tests</stat>
</total>
<tag>
<stat pass="1" fail="0" skip="0">Teste1</stat>
</tag>
<suite>
<stat name="Teste" id="s1" pass="1" fail="0" skip="0">Teste</stat>
</suite>
</statistics>
<errors>
</errors>
</robot>
